<?xml version="1.0" encoding="UTF-8"?>
<testng-results ignored="0" total="1" passed="1" failed="0" skipped="0">
  <reporter-output>
  </reporter-output>
  <suite started-at="2021-05-25T07:43:48Z" name="Default suite" finished-at="2021-05-25T07:44:08Z" duration-ms="20474">
    <groups>
    </groups>
    <test started-at="2021-05-25T07:43:48Z" name="Default test" finished-at="2021-05-25T07:44:08Z" duration-ms="20474">
      <class name="testCases.MyFirstTestCaseTest">
        <test-method signature="testCase_001()[pri:0, instance:testCases.MyFirstTestCaseTest@1e4d3ce5]" started-at="2021-05-25T07:43:48Z" name="testCase_001" finished-at="2021-05-25T07:44:08Z" duration-ms="20355" status="PASS">
          <reporter-output>
          </reporter-output>
        </test-method> <!-- testCase_001 -->
      </class> <!-- testCases.MyFirstTestCaseTest -->
    </test> <!-- Default test -->
  </suite> <!-- Default suite -->
</testng-results>
